R1250/R0250o/R0250TS028_1o
R1250/R0250o/R0250TS028_2o
R1250/R0250o/R0250TS028_3o
R1250/R0250o/R0250TS028_4o
R1250/R0250o/R0250TS110_1o
R1250/R0250o/R0250TS110_2o
R1250/R0250o/R0250TS110_3o
R1250/R0250o/R0250TS110_4o
R1250/R0250o/R0250TS110_5o
R1250/R0250o/R0250TS167_3o
R1250/R0250o/R0250TS167_3o no reported count
R1250/R0250o/R0250TS167_4o
R1250/R0250o/R0250TS167_4o no reported count
R1250/R0250o/R0250TS167_5o
R1250/R0250o/R0250TS167_5o no reported count
R1250/R0250o/R0250TS189_5o
R1250/R0250o/R0250TS241_1o
R1250/R0250o/R0250TS241_1o no reported count
R1250/R0250o/R0250TS241_2o
R1250/R0250o/R0250TS241_2o no reported count
R1250/R0250o/R0250TS241_3o
R1250/R0250o/R0250TS241_3o no reported count
R1250/R0250o/R0250TS241_5o
R1250/R0250o/R0250TS241_5o no reported count
R1250/R0250o/R0250TS262_1o
R1250/R0250o/R0250TS262_2o
R1250/R0250o/R0250TS262_3o
R1250/R0250o/R0250TS262_4o
R1250/R0250o/R0250TS262_5o
R1250/R0250o/R0250TS272_1o
ERROR in R1250/R0250o/R0250TS272_1o chain 1 not present 7
ERROR in R1250/R0250o/R0250TS272_1o chain 10 not present 0
ERROR in R1250/R0250o/R0250TS272_1o chain 11 not present 0
ERROR in R1250/R0250o/R0250TS272_1o chain 12 not present 0
ERROR in R1250/R0250o/R0250TS272_1o chain 13 not present 0
ERROR in R1250/R0250o/R0250TS272_1o chain 14 not present 0
ERROR in R1250/R0250o/R0250TS272_1o chain 15 not present 0
R1250/R0250o/R0250TS272_2o
ERROR in R1250/R0250o/R0250TS272_2o chain 1 not present 7
ERROR in R1250/R0250o/R0250TS272_2o chain 10 not present 0
ERROR in R1250/R0250o/R0250TS272_2o chain 11 not present 0
ERROR in R1250/R0250o/R0250TS272_2o chain 12 not present 0
ERROR in R1250/R0250o/R0250TS272_2o chain 13 not present 0
ERROR in R1250/R0250o/R0250TS272_2o chain 14 not present 0
ERROR in R1250/R0250o/R0250TS272_2o chain 15 not present 0
R1250/R0250o/R0250TS272_3o
ERROR in R1250/R0250o/R0250TS272_3o chain 1 not present 3
ERROR in R1250/R0250o/R0250TS272_3o chain 10 not present 0
ERROR in R1250/R0250o/R0250TS272_3o chain 11 not present 0
R1250/R0250o/R0250TS272_4o
R1250/R0250o/R0250TS272_5o
R1250/R0250o/R0250TS304_1o
R1250/R0250o/R0250TS304_1o no reported count
R1250/R0250o/R0250TS304_2o
R1250/R0250o/R0250TS304_2o no reported count
R1250/R0250o/R0250TS304_3o
R1250/R0250o/R0250TS304_3o no reported count
R1250/R0250o/R0250TS304_4o
R1250/R0250o/R0250TS304_4o no reported count
R1250/R0250o/R0250TS304_5o
R1250/R0250o/R0250TS304_5o no reported count
R1250/R0250o/R0250TS450_3o
R1250/R0250o/R0250TS450_3o no reported count
R1250/R0250o/R0250TS450_4o
R1250/R0250o/R0250TS450_4o no reported count
R1250/R0250o/R0250TS450_5o
R1250/R0250o/R0250TS450_5o no reported count
R1250/R0250o/R0250TS462_1o
R1250/R0250o/R0250TS462_2o
R1250/R0250o/R0250TS462_3o
R1250/R0250o/R0250TS462_4o
R1250/R0250o/R0250TS462_5o
R1250/R0250o/R0250TS481_3o
R1250/R0250o/R0250TS481_4o
R1250/R0250o/R0250TS481_5o
R1251/R0251o/R0251TS028_1o.pdb
R1251/R0251o/R0251TS028_2o.pdb
R1251/R0251o/R0251TS028_3o.pdb
R1251/R0251o/R0251TS028_4o.pdb
R1251/R0251o/R0251TS028_5o.pdb
R1251/R0251o/R0251TS110_1o.pdb
R1251/R0251o/R0251TS110_2o.pdb
R1251/R0251o/R0251TS110_3o.pdb
R1251/R0251o/R0251TS110_4o.pdb
R1251/R0251o/R0251TS110_5o.pdb
R1251/R0251o/R0251TS241_1o.pdb
R1251/R0251o/R0251TS241_1o.pdb no reported count
R1251/R0251o/R0251TS241_2o.pdb
R1251/R0251o/R0251TS241_2o.pdb no reported count
R1251/R0251o/R0251TS241_3o.pdb
R1251/R0251o/R0251TS241_3o.pdb no reported count
R1251/R0251o/R0251TS241_4o.pdb
R1251/R0251o/R0251TS241_4o.pdb no reported count
R1251/R0251o/R0251TS262_1o.pdb
R1251/R0251o/R0251TS262_2o.pdb
R1251/R0251o/R0251TS262_3o.pdb
R1251/R0251o/R0251TS262_4o.pdb
R1251/R0251o/R0251TS262_5o.pdb
R1251/R0251o/R0251TS304_1o.pdb
R1251/R0251o/R0251TS304_1o.pdb no reported count
R1251/R0251o/R0251TS304_2o.pdb
R1251/R0251o/R0251TS304_2o.pdb no reported count
R1251/R0251o/R0251TS304_3o.pdb
R1251/R0251o/R0251TS304_3o.pdb no reported count
R1251/R0251o/R0251TS304_4o.pdb
R1251/R0251o/R0251TS304_4o.pdb no reported count
R1251/R0251o/R0251TS304_5o.pdb
R1251/R0251o/R0251TS304_5o.pdb no reported count
R1251/R0251o/R0251TS462_1o.pdb
R1251/R0251o/R0251TS462_2o.pdb
R1251/R0251o/R0251TS462_3o.pdb
R1251/R0251o/R0251TS462_4o.pdb
R1251/R0251o/R0251TS462_5o.pdb
R1251/R0251o/R0251TS481_3o.pdb
R1251/R0251o/R0251TS481_4o.pdb
R1251/R0251o/R0251TS481_5o.pdb
R1251/R0254o/R0254TS028_1o.pdb
R1251/R0254o/R0254TS028_2o.pdb
R1251/R0254o/R0254TS028_3o.pdb
R1251/R0254o/R0254TS028_4o.pdb
R1251/R0254o/R0254TS028_5o.pdb
R1251/R0254o/R0254TS110_1o.pdb
R1251/R0254o/R0254TS110_2o.pdb
R1251/R0254o/R0254TS110_3o.pdb
R1251/R0254o/R0254TS110_4o.pdb
R1251/R0254o/R0254TS110_5o.pdb
R1251/R0254o/R0254TS167_1o.pdb
R1251/R0254o/R0254TS167_1o.pdb no reported count
R1251/R0254o/R0254TS167_2o.pdb
R1251/R0254o/R0254TS167_2o.pdb no reported count
R1251/R0254o/R0254TS167_3o.pdb
R1251/R0254o/R0254TS167_3o.pdb no reported count
R1251/R0254o/R0254TS167_4o.pdb
R1251/R0254o/R0254TS167_4o.pdb no reported count
R1251/R0254o/R0254TS167_5o.pdb
R1251/R0254o/R0254TS167_5o.pdb no reported count
R1251/R0254o/R0254TS189_1o.pdb
R1251/R0254o/R0254TS189_1o.pdb no reported count
R1251/R0254o/R0254TS189_2o.pdb
R1251/R0254o/R0254TS189_2o.pdb no reported count
R1251/R0254o/R0254TS189_3o.pdb
R1251/R0254o/R0254TS189_3o.pdb no reported count
R1251/R0254o/R0254TS189_4o.pdb
R1251/R0254o/R0254TS189_4o.pdb no reported count
R1251/R0254o/R0254TS189_5o.pdb
R1251/R0254o/R0254TS189_5o.pdb no reported count
R1251/R0254o/R0254TS241_5o.pdb
R1251/R0254o/R0254TS241_5o.pdb no reported count
R1251/R0254o/R0254TS262_1o.pdb
R1251/R0254o/R0254TS262_1o.pdb no reported count
R1251/R0254o/R0254TS262_2o.pdb
R1251/R0254o/R0254TS262_2o.pdb no reported count
R1251/R0254o/R0254TS262_3o.pdb
R1251/R0254o/R0254TS262_3o.pdb no reported count
R1251/R0254o/R0254TS262_4o.pdb
R1251/R0254o/R0254TS262_4o.pdb no reported count
R1251/R0254o/R0254TS262_5o.pdb
R1251/R0254o/R0254TS262_5o.pdb no reported count
R1251/R0254o/R0254TS272_1o.pdb
R1251/R0254o/R0254TS272_4o.pdb
R1251/R0254o/R0254TS272_5o.pdb
R1251/R0254o/R0254TS294_1o.pdb
R1251/R0254o/R0254TS294_1o.pdb no reported count
R1251/R0254o/R0254TS294_2o.pdb
R1251/R0254o/R0254TS294_2o.pdb no reported count
R1251/R0254o/R0254TS294_3o.pdb
R1251/R0254o/R0254TS294_3o.pdb no reported count
R1251/R0254o/R0254TS450_1o.pdb
R1251/R0254o/R0254TS450_1o.pdb no reported count
R1251/R0254o/R0254TS450_2o.pdb
R1251/R0254o/R0254TS450_2o.pdb no reported count
R1251/R0254o/R0254TS450_3o.pdb
R1251/R0254o/R0254TS450_3o.pdb no reported count
R1251/R0254o/R0254TS450_4o.pdb
R1251/R0254o/R0254TS450_4o.pdb no reported count
R1251/R0254o/R0254TS450_5o.pdb
R1251/R0254o/R0254TS450_5o.pdb no reported count
R1251/R0254o/R0254TS462_1o.pdb
R1251/R0254o/R0254TS462_2o.pdb
R1251/R0254o/R0254TS462_3o.pdb
R1251/R0254o/R0254TS462_4o.pdb
R1251/R0254o/R0254TS462_5o.pdb
R1252/R0252o/R0252TS028_1o
R1252/R0252o/R0252TS028_2o
R1252/R0252o/R0252TS028_3o
R1252/R0252o/R0252TS028_4o
R1252/R0252o/R0252TS028_5o
R1252/R0252o/R0252TS110_1o
R1252/R0252o/R0252TS110_2o
R1252/R0252o/R0252TS110_3o
R1252/R0252o/R0252TS110_4o
R1252/R0252o/R0252TS110_5o
R1252/R0252o/R0252TS167_1o
R1252/R0252o/R0252TS167_1o no reported count
R1252/R0252o/R0252TS167_2o
R1252/R0252o/R0252TS167_2o no reported count
R1252/R0252o/R0252TS167_3o
R1252/R0252o/R0252TS167_3o no reported count
R1252/R0252o/R0252TS167_4o
R1252/R0252o/R0252TS167_4o no reported count
R1252/R0252o/R0252TS167_5o
R1252/R0252o/R0252TS167_5o no reported count
R1252/R0252o/R0252TS189_1o
ERROR in R1252/R0252o/R0252TS189_1o chain 0 not present 2
ERROR in R1252/R0252o/R0252TS189_1o chain 1 not present 2
ERROR in R1252/R0252o/R0252TS189_1o chain 2 not present 2
ERROR in R1252/R0252o/R0252TS189_1o chain 3 not present 2
ERROR in R1252/R0252o/R0252TS189_1o chain 10 not present 0
ERROR in R1252/R0252o/R0252TS189_1o chain 11 not present 0
ERROR in R1252/R0252o/R0252TS189_1o chain 12 not present 0
ERROR in R1252/R0252o/R0252TS189_1o chain 13 not present 0
R1252/R0252o/R0252TS189_2o
ERROR in R1252/R0252o/R0252TS189_2o chain 0 not present 2
ERROR in R1252/R0252o/R0252TS189_2o chain 1 not present 2
ERROR in R1252/R0252o/R0252TS189_2o chain 2 not present 2
ERROR in R1252/R0252o/R0252TS189_2o chain 3 not present 2
ERROR in R1252/R0252o/R0252TS189_2o chain 10 not present 0
ERROR in R1252/R0252o/R0252TS189_2o chain 11 not present 0
ERROR in R1252/R0252o/R0252TS189_2o chain 12 not present 0
ERROR in R1252/R0252o/R0252TS189_2o chain 13 not present 0
R1252/R0252o/R0252TS189_3o
ERROR in R1252/R0252o/R0252TS189_3o chain 0 not present 2
ERROR in R1252/R0252o/R0252TS189_3o chain 1 not present 2
ERROR in R1252/R0252o/R0252TS189_3o chain 2 not present 2
ERROR in R1252/R0252o/R0252TS189_3o chain 3 not present 2
ERROR in R1252/R0252o/R0252TS189_3o chain 10 not present 0
ERROR in R1252/R0252o/R0252TS189_3o chain 11 not present 0
ERROR in R1252/R0252o/R0252TS189_3o chain 12 not present 0
ERROR in R1252/R0252o/R0252TS189_3o chain 13 not present 0
R1252/R0252o/R0252TS189_4o
ERROR in R1252/R0252o/R0252TS189_4o chain 0 not present 2
ERROR in R1252/R0252o/R0252TS189_4o chain 1 not present 2
ERROR in R1252/R0252o/R0252TS189_4o chain 2 not present 2
ERROR in R1252/R0252o/R0252TS189_4o chain 3 not present 2
ERROR in R1252/R0252o/R0252TS189_4o chain 10 not present 0
ERROR in R1252/R0252o/R0252TS189_4o chain 11 not present 0
ERROR in R1252/R0252o/R0252TS189_4o chain 12 not present 0
ERROR in R1252/R0252o/R0252TS189_4o chain 13 not present 0
R1252/R0252o/R0252TS208_1o
R1252/R0252o/R0252TS208_2o
R1252/R0252o/R0252TS208_3o
R1252/R0252o/R0252TS208_4o
R1252/R0252o/R0252TS208_5o
R1252/R0252o/R0252TS262_1o
R1252/R0252o/R0252TS262_2o
R1252/R0252o/R0252TS262_3o
R1252/R0252o/R0252TS262_4o
R1252/R0252o/R0252TS262_5o
R1252/R0252o/R0252TS272_1o
ERROR in R1252/R0252o/R0252TS272_1o chain 1 not present 5
ERROR in R1252/R0252o/R0252TS272_1o chain 10 not present 0
ERROR in R1252/R0252o/R0252TS272_1o chain 11 not present 0
ERROR in R1252/R0252o/R0252TS272_1o chain 12 not present 0
ERROR in R1252/R0252o/R0252TS272_1o chain 13 not present 0
R1252/R0252o/R0252TS294_1o
R1252/R0252o/R0252TS294_1o no reported count
R1252/R0252o/R0252TS294_3o
R1252/R0252o/R0252TS294_3o no reported count
R1252/R0252o/R0252TS294_5o
R1252/R0252o/R0252TS294_5o no reported count
R1252/R0252o/R0252TS450_1o
R1252/R0252o/R0252TS450_1o no reported count
R1252/R0252o/R0252TS450_2o
R1252/R0252o/R0252TS450_2o no reported count
R1252/R0252o/R0252TS450_3o
R1252/R0252o/R0252TS450_3o no reported count
R1252/R0252o/R0252TS450_4o
R1252/R0252o/R0252TS450_4o no reported count
R1252/R0252o/R0252TS450_5o
R1252/R0252o/R0252TS450_5o no reported count
R1252/R0252o/R0252TS462_1o
R1252/R0252o/R0252TS462_2o
R1252/R0252o/R0252TS462_3o
R1252/R0252o/R0252TS462_4o
R1252/R0252o/R0252TS462_5o
R1253/R0253o/R0253TS028_1o
R1253/R0253o/R0253TS028_2o
R1253/R0253o/R0253TS028_3o
R1253/R0253o/R0253TS028_4o
R1253/R0253o/R0253TS028_5o
R1253/R0253o/R0253TS110_1o
R1253/R0253o/R0253TS110_2o
R1253/R0253o/R0253TS110_3o
R1253/R0253o/R0253TS110_4o
R1253/R0253o/R0253TS110_5o
R1253/R0253o/R0253TS167_1o
R1253/R0253o/R0253TS167_1o no reported count
R1253/R0253o/R0253TS167_2o
R1253/R0253o/R0253TS167_2o no reported count
R1253/R0253o/R0253TS167_3o
R1253/R0253o/R0253TS167_3o no reported count
R1253/R0253o/R0253TS167_4o
R1253/R0253o/R0253TS167_4o no reported count
R1253/R0253o/R0253TS167_5o
R1253/R0253o/R0253TS167_5o no reported count
R1253/R0253o/R0253TS189_1o
ERROR in R1253/R0253o/R0253TS189_1o chain 0 not present 2
ERROR in R1253/R0253o/R0253TS189_1o chain 1 not present 2
ERROR in R1253/R0253o/R0253TS189_1o chain 2 not present 2
ERROR in R1253/R0253o/R0253TS189_1o chain 3 not present 2
ERROR in R1253/R0253o/R0253TS189_1o chain 10 not present 0
ERROR in R1253/R0253o/R0253TS189_1o chain 11 not present 0
ERROR in R1253/R0253o/R0253TS189_1o chain 12 not present 0
ERROR in R1253/R0253o/R0253TS189_1o chain 13 not present 0
R1253/R0253o/R0253TS189_2o
ERROR in R1253/R0253o/R0253TS189_2o chain 0 not present 2
ERROR in R1253/R0253o/R0253TS189_2o chain 1 not present 2
ERROR in R1253/R0253o/R0253TS189_2o chain 2 not present 2
ERROR in R1253/R0253o/R0253TS189_2o chain 3 not present 2
ERROR in R1253/R0253o/R0253TS189_2o chain 10 not present 0
ERROR in R1253/R0253o/R0253TS189_2o chain 11 not present 0
ERROR in R1253/R0253o/R0253TS189_2o chain 12 not present 0
ERROR in R1253/R0253o/R0253TS189_2o chain 13 not present 0
R1253/R0253o/R0253TS189_3o
ERROR in R1253/R0253o/R0253TS189_3o chain 0 not present 2
ERROR in R1253/R0253o/R0253TS189_3o chain 1 not present 2
ERROR in R1253/R0253o/R0253TS189_3o chain 2 not present 2
ERROR in R1253/R0253o/R0253TS189_3o chain 3 not present 2
ERROR in R1253/R0253o/R0253TS189_3o chain 10 not present 0
ERROR in R1253/R0253o/R0253TS189_3o chain 11 not present 0
ERROR in R1253/R0253o/R0253TS189_3o chain 12 not present 0
ERROR in R1253/R0253o/R0253TS189_3o chain 13 not present 0
R1253/R0253o/R0253TS189_4o
ERROR in R1253/R0253o/R0253TS189_4o chain 0 not present 2
ERROR in R1253/R0253o/R0253TS189_4o chain 1 not present 2
ERROR in R1253/R0253o/R0253TS189_4o chain 2 not present 2
ERROR in R1253/R0253o/R0253TS189_4o chain 3 not present 2
ERROR in R1253/R0253o/R0253TS189_4o chain 10 not present 0
ERROR in R1253/R0253o/R0253TS189_4o chain 11 not present 0
ERROR in R1253/R0253o/R0253TS189_4o chain 12 not present 0
ERROR in R1253/R0253o/R0253TS189_4o chain 13 not present 0
R1253/R0253o/R0253TS208_1o
R1253/R0253o/R0253TS208_2o
R1253/R0253o/R0253TS208_3o
R1253/R0253o/R0253TS208_4o
R1253/R0253o/R0253TS208_5o
R1253/R0253o/R0253TS262_1o
R1253/R0253o/R0253TS262_2o
R1253/R0253o/R0253TS262_3o
R1253/R0253o/R0253TS262_4o
R1253/R0253o/R0253TS262_5o
R1253/R0253o/R0253TS272_1o
ERROR in R1253/R0253o/R0253TS272_1o chain 1 not present 5
ERROR in R1253/R0253o/R0253TS272_1o chain 10 not present 0
ERROR in R1253/R0253o/R0253TS272_1o chain 11 not present 0
ERROR in R1253/R0253o/R0253TS272_1o chain 12 not present 0
ERROR in R1253/R0253o/R0253TS272_1o chain 13 not present 0
R1253/R0253o/R0253TS294_1o
R1253/R0253o/R0253TS294_1o no reported count
R1253/R0253o/R0253TS294_3o
R1253/R0253o/R0253TS294_3o no reported count
R1253/R0253o/R0253TS294_5o
R1253/R0253o/R0253TS294_5o no reported count
R1253/R0253o/R0253TS450_1o
R1253/R0253o/R0253TS450_1o no reported count
R1253/R0253o/R0253TS450_2o
R1253/R0253o/R0253TS450_2o no reported count
R1253/R0253o/R0253TS450_3o
R1253/R0253o/R0253TS450_3o no reported count
R1253/R0253o/R0253TS450_4o
R1253/R0253o/R0253TS450_4o no reported count
R1253/R0253o/R0253TS450_5o
R1253/R0253o/R0253TS450_5o no reported count
R1253/R0253o/R0253TS462_1o
R1253/R0253o/R0253TS462_2o
R1253/R0253o/R0253TS462_3o
R1253/R0253o/R0253TS462_4o
R1253/R0253o/R0253TS462_5o
R1281/R0281o/R0281TS028_1o.pdb
R1281/R0281o/R0281TS028_2o.pdb
R1281/R0281o/R0281TS028_3o.pdb
R1281/R0281o/R0281TS028_4o.pdb
R1281/R0281o/R0281TS028_5o.pdb
R1281/R0281o/R0281TS110_1o.pdb
R1281/R0281o/R0281TS110_2o.pdb
R1281/R0281o/R0281TS110_3o.pdb
R1281/R0281o/R0281TS110_4o.pdb
R1281/R0281o/R0281TS110_5o.pdb
R1281/R0281o/R0281TS241_1o.pdb
R1281/R0281o/R0281TS241_1o.pdb no reported count
R1281/R0281o/R0281TS241_3o.pdb
R1281/R0281o/R0281TS241_3o.pdb no reported count
R1281/R0281o/R0281TS241_4o.pdb
R1281/R0281o/R0281TS241_4o.pdb no reported count
R1281/R0281o/R0281TS241_5o.pdb
R1281/R0281o/R0281TS241_5o.pdb no reported count
R1281/R0281o/R0281TS262_1o.pdb
R1281/R0281o/R0281TS262_1o.pdb no reported count
R1281/R0281o/R0281TS262_2o.pdb
R1281/R0281o/R0281TS262_2o.pdb no reported count
R1281/R0281o/R0281TS262_3o.pdb
R1281/R0281o/R0281TS262_3o.pdb no reported count
R1281/R0281o/R0281TS262_4o.pdb
R1281/R0281o/R0281TS262_4o.pdb no reported count
R1281/R0281o/R0281TS262_5o.pdb
R1281/R0281o/R0281TS262_5o.pdb no reported count
R1281/R0281o/R0281TS272_1o.pdb
R1281/R0281o/R0281TS272_2o.pdb
R1281/R0281o/R0281TS272_5o.pdb
R1281/R0281o/R0281TS286_1o.pdb
R1281/R0281o/R0281TS286_2o.pdb
R1281/R0281o/R0281TS286_3o.pdb
R1281/R0281o/R0281TS286_4o.pdb
R1281/R0281o/R0281TS286_5o.pdb
R1281/R0281o/R0281TS294_1o.pdb
R1281/R0281o/R0281TS294_1o.pdb no reported count
R1281/R0281o/R0281TS294_2o.pdb
R1281/R0281o/R0281TS294_2o.pdb no reported count
R1281/R0281o/R0281TS294_3o.pdb
R1281/R0281o/R0281TS294_3o.pdb no reported count
R1281/R0281o/R0281TS294_4o.pdb
R1281/R0281o/R0281TS294_4o.pdb no reported count
R1281/R0281o/R0281TS294_5o.pdb
R1281/R0281o/R0281TS294_5o.pdb no reported count
R1281/R0281o/R0281TS304_1o.pdb
R1281/R0281o/R0281TS304_1o.pdb no reported count
R1281/R0281o/R0281TS304_3o.pdb
R1281/R0281o/R0281TS304_3o.pdb no reported count
R1281/R0281o/R0281TS304_5o.pdb
R1281/R0281o/R0281TS304_5o.pdb no reported count
R1281/R0281o/R0281TS462_1o.pdb
R1281/R0281o/R0281TS462_2o.pdb
R1281/R0281o/R0281TS462_3o.pdb
R1281/R0281o/R0281TS462_4o.pdb
R1281/R0281o/R0281TS462_5o.pdb
R1281/R0281o/R0281TS481_1o.pdb
R1281/R0281o/R0281TS481_2o.pdb
R1281/R0281o/R0281TS481_4o.pdb
R1281/R0281o/R0281TS481_5o.pdb
R1283/R0283o/R0283TS028_1o
R1283/R0283o/R0283TS028_2o
R1283/R0283o/R0283TS028_3o
R1283/R0283o/R0283TS028_4o
R1283/R0283o/R0283TS028_5o
R1283/R0283o/R0283TS110_1o
R1283/R0283o/R0283TS110_2o
R1283/R0283o/R0283TS110_3o
R1283/R0283o/R0283TS110_4o
R1283/R0283o/R0283TS110_5o
R1283/R0283o/R0283TS167_1o
R1283/R0283o/R0283TS167_1o no reported count
R1283/R0283o/R0283TS167_2o
R1283/R0283o/R0283TS167_2o no reported count
R1283/R0283o/R0283TS167_3o
R1283/R0283o/R0283TS167_3o no reported count
R1283/R0283o/R0283TS167_4o
R1283/R0283o/R0283TS167_4o no reported count
R1283/R0283o/R0283TS167_5o
R1283/R0283o/R0283TS167_5o no reported count
R1283/R0283o/R0283TS241_1o
R1283/R0283o/R0283TS241_1o no reported count
R1283/R0283o/R0283TS241_2o
R1283/R0283o/R0283TS241_2o no reported count
R1283/R0283o/R0283TS241_4o
R1283/R0283o/R0283TS241_4o no reported count
R1283/R0283o/R0283TS241_5o
R1283/R0283o/R0283TS241_5o no reported count
R1283/R0283o/R0283TS262_1o
R1283/R0283o/R0283TS262_2o
R1283/R0283o/R0283TS262_3o
R1283/R0283o/R0283TS262_4o
R1283/R0283o/R0283TS262_5o
R1283/R0283o/R0283TS272_1o
R1283/R0283o/R0283TS272_2o
R1283/R0283o/R0283TS272_3o
R1283/R0283o/R0283TS272_4o
R1283/R0283o/R0283TS272_5o
R1283/R0283o/R0283TS294_5o
R1283/R0283o/R0283TS294_5o no reported count
R1283/R0283o/R0283TS304_1o
R1283/R0283o/R0283TS304_1o no reported count
R1283/R0283o/R0283TS304_2o
R1283/R0283o/R0283TS304_2o no reported count
R1283/R0283o/R0283TS304_3o
R1283/R0283o/R0283TS304_3o no reported count
R1283/R0283o/R0283TS304_4o
R1283/R0283o/R0283TS304_4o no reported count
R1283/R0283o/R0283TS304_5o
R1283/R0283o/R0283TS304_5o no reported count
R1283/R0283o/R0283TS450_1o
R1283/R0283o/R0283TS450_1o no reported count
R1283/R0283o/R0283TS450_2o
R1283/R0283o/R0283TS450_2o no reported count
R1283/R0283o/R0283TS450_3o
R1283/R0283o/R0283TS450_3o no reported count
R1283/R0283o/R0283TS450_4o
R1283/R0283o/R0283TS450_4o no reported count
R1283/R0283o/R0283TS450_5o
R1283/R0283o/R0283TS450_5o no reported count
R1283/R0283o/R0283TS462_1o
R1283/R0283o/R0283TS462_2o
R1283/R0283o/R0283TS462_3o
R1283/R0283o/R0283TS462_4o
R1283/R0283o/R0283TS462_5o
R1283/R0283o/R0283TS481_1o
R1283/R0283o/R0283TS481_2o
R1283/R0283o/R0283TS481_3o
R1283/R0283o/R0283TS481_4o
R1283/R0283o/R0283TS481_5o
R1285/R0285o/R0285TS028_1o
R1285/R0285o/R0285TS028_2o
R1285/R0285o/R0285TS028_3o
R1285/R0285o/R0285TS028_4o
R1285/R0285o/R0285TS028_5o
R1285/R0285o/R0285TS110_1o
R1285/R0285o/R0285TS110_2o
R1285/R0285o/R0285TS110_3o
R1285/R0285o/R0285TS110_4o
R1285/R0285o/R0285TS110_5o
R1285/R0285o/R0285TS189_1o
R1285/R0285o/R0285TS189_2o
R1285/R0285o/R0285TS208_1o
R1285/R0285o/R0285TS208_2o
R1285/R0285o/R0285TS208_3o
R1285/R0285o/R0285TS208_4o
R1285/R0285o/R0285TS208_5o
R1285/R0285o/R0285TS241_2o
R1285/R0285o/R0285TS241_2o no reported count
R1285/R0285o/R0285TS262_1o
R1285/R0285o/R0285TS262_2o
R1285/R0285o/R0285TS262_3o
R1285/R0285o/R0285TS262_4o
R1285/R0285o/R0285TS262_5o
R1285/R0285o/R0285TS272_1o
R1285/R0285o/R0285TS272_2o
R1285/R0285o/R0285TS272_3o
R1285/R0285o/R0285TS272_4o
ERROR in R1285/R0285o/R0285TS272_4o chain 1 not present 3
ERROR in R1285/R0285o/R0285TS272_4o chain 10 not present 0
ERROR in R1285/R0285o/R0285TS272_4o chain 11 not present 0
R1285/R0285o/R0285TS272_5o
ERROR in R1285/R0285o/R0285TS272_5o chain 1 not present 5
ERROR in R1285/R0285o/R0285TS272_5o chain 10 not present 0
ERROR in R1285/R0285o/R0285TS272_5o chain 11 not present 0
ERROR in R1285/R0285o/R0285TS272_5o chain 12 not present 0
ERROR in R1285/R0285o/R0285TS272_5o chain 13 not present 0
R1285/R0285o/R0285TS294_5o
R1285/R0285o/R0285TS294_5o no reported count
R1285/R0285o/R0285TS462_1o
R1285/R0285o/R0285TS462_2o
R1285/R0285o/R0285TS462_3o
R1285/R0285o/R0285TS462_4o
R1285/R0285o/R0285TS462_5o
R1285/R0285o/R0285TS481_1o
R1285/R0285o/R0285TS481_2o
R1285/R0285o/R0285TS481_3o
R1285/R0285o/R0285TS481_5o
R1290/R0290o/R0290TS028_1o
R1290/R0290o/R0290TS028_2o
R1290/R0290o/R0290TS028_3o
R1290/R0290o/R0290TS028_4o
R1290/R0290o/R0290TS028_5o
R1290/R0290o/R0290TS110_1o
R1290/R0290o/R0290TS110_2o
R1290/R0290o/R0290TS110_3o
R1290/R0290o/R0290TS110_4o
R1290/R0290o/R0290TS110_5o
R1290/R0290o/R0290TS241_2o
R1290/R0290o/R0290TS241_2o no reported count
R1290/R0290o/R0290TS241_4o
R1290/R0290o/R0290TS241_4o no reported count
R1290/R0290o/R0290TS286_1o
R1290/R0290o/R0290TS286_2o
R1290/R0290o/R0290TS286_3o
R1290/R0290o/R0290TS286_4o
R1290/R0290o/R0290TS286_5o
R1290/R0290o/R0290TS294_1o
R1290/R0290o/R0290TS294_1o no reported count
R1290/R0290o/R0290TS294_2o
R1290/R0290o/R0290TS294_2o no reported count
R1290/R0290o/R0290TS294_3o
R1290/R0290o/R0290TS294_3o no reported count
R1290/R0290o/R0290TS294_4o
R1290/R0290o/R0290TS294_4o no reported count
R1290/R0290o/R0290TS294_5o
R1290/R0290o/R0290TS294_5o no reported count
R1290/R0290o/R0290TS462_1o
R1290/R0290o/R0290TS462_2o
R1290/R0290o/R0290TS462_3o
R1290/R0290o/R0290TS462_4o
R1290/R0290o/R0290TS462_5o
R1290/R0290o/R0290TS481_1o
R1290/R0290o/R0290TS481_2o
R1290/R0290o/R0290TS481_5o
